Performing C SOURCE FILE Test CMAKE_HAVE_LIBC_PTHREAD failed with the following output:
Change Dir: /home/nuc/tjurm/rm2021/cmake-build-release/CMakeFiles/CMakeTmp

Run Build Command(s):/usr/bin/make cmTC_81ae6/fast && /usr/bin/make  -f CMakeFiles/cmTC_81ae6.dir/build.make CMakeFiles/cmTC_81ae6.dir/build
make[1]: 进入目录“/home/nuc/tjurm/rm2021/cmake-build-release/CMakeFiles/CMakeTmp”
Building C object CMakeFiles/cmTC_81ae6.dir/src.c.o
/usr/bin/cc -DCMAKE_HAVE_LIBC_PTHREAD   -o CMakeFiles/cmTC_81ae6.dir/src.c.o -c /home/nuc/tjurm/rm2021/cmake-build-release/CMakeFiles/CMakeTmp/src.c
Linking C executable cmTC_81ae6
/home/nuc/tools/CLion-2021.1.2/clion-2021.1.2/bin/cmake/linux/bin/cmake -E cmake_link_script CMakeFiles/cmTC_81ae6.dir/link.txt --verbose=1
/usr/bin/cc CMakeFiles/cmTC_81ae6.dir/src.c.o -o cmTC_81ae6 
CMakeFiles/cmTC_81ae6.dir/src.c.o：在函数‘main’中：
src.c:(.text+0x3e)：对‘pthread_create’未定义的引用
src.c:(.text+0x4a)：对‘pthread_detach’未定义的引用
src.c:(.text+0x56)：对‘pthread_cancel’未定义的引用
src.c:(.text+0x67)：对‘pthread_join’未定义的引用
src.c:(.text+0x7b)：对‘pthread_atfork’未定义的引用
collect2: error: ld returned 1 exit status
CMakeFiles/cmTC_81ae6.dir/build.make:105: recipe for target 'cmTC_81ae6' failed
make[1]: *** [cmTC_81ae6] Error 1
make[1]: 离开目录“/home/nuc/tjurm/rm2021/cmake-build-release/CMakeFiles/CMakeTmp”
Makefile:140: recipe for target 'cmTC_81ae6/fast' failed
make: *** [cmTC_81ae6/fast] Error 2


Source file was:
#include <pthread.h>

static void* test_func(void* data)
{
  return data;
}

int main(void)
{
  pthread_t thread;
  pthread_create(&thread, NULL, test_func, NULL);
  pthread_detach(thread);
  pthread_cancel(thread);
  pthread_join(thread, NULL);
  pthread_atfork(NULL, NULL, NULL);
  pthread_exit(NULL);

  return 0;
}

Determining if the function pthread_create exists in the pthreads failed with the following output:
Change Dir: /home/nuc/tjurm/rm2021/cmake-build-release/CMakeFiles/CMakeTmp

Run Build Command(s):/usr/bin/make cmTC_04a6d/fast && /usr/bin/make  -f CMakeFiles/cmTC_04a6d.dir/build.make CMakeFiles/cmTC_04a6d.dir/build
make[1]: 进入目录“/home/nuc/tjurm/rm2021/cmake-build-release/CMakeFiles/CMakeTmp”
Building C object CMakeFiles/cmTC_04a6d.dir/CheckFunctionExists.c.o
/usr/bin/cc   -DCHECK_FUNCTION_EXISTS=pthread_create -o CMakeFiles/cmTC_04a6d.dir/CheckFunctionExists.c.o -c /home/nuc/tools/CLion-2021.1.2/clion-2021.1.2/bin/cmake/linux/share/cmake-3.19/Modules/CheckFunctionExists.c
Linking C executable cmTC_04a6d
/home/nuc/tools/CLion-2021.1.2/clion-2021.1.2/bin/cmake/linux/bin/cmake -E cmake_link_script CMakeFiles/cmTC_04a6d.dir/link.txt --verbose=1
/usr/bin/cc  -DCHECK_FUNCTION_EXISTS=pthread_create CMakeFiles/cmTC_04a6d.dir/CheckFunctionExists.c.o -o cmTC_04a6d  -lpthreads 
/usr/bin/ld: 找不到 -lpthreads
collect2: error: ld returned 1 exit status
CMakeFiles/cmTC_04a6d.dir/build.make:105: recipe for target 'cmTC_04a6d' failed
make[1]: *** [cmTC_04a6d] Error 1
make[1]: 离开目录“/home/nuc/tjurm/rm2021/cmake-build-release/CMakeFiles/CMakeTmp”
Makefile:140: recipe for target 'cmTC_04a6d/fast' failed
make: *** [cmTC_04a6d/fast] Error 2



